TN:
SF:src/modules/appointments/services/CreateAppointmentService.ts
FN:87,__decorate
FN:87,__metadata
FN:87,__param
FN:87,__awaiter
FN:87,adopt
FN:87,fulfilled
FN:87,rejected
FN:87,step
FN:87,__generator
FN:87,sent
FN:87,Symbol.function.g.(anonymous function)
FN:87,verb
FN:87,step
FN:87,__importDefault
FN:19,CreateAppointmentService
FN:30,CreateAppointmentService.execute
FNF:16
FNH:14
FNDA:1,__decorate
FNDA:1,__metadata
FNDA:3,__param
FNDA:7,__awaiter
FNDA:8,adopt
FNDA:8,fulfilled
FNDA:0,rejected
FNDA:10,step
FNDA:7,__generator
FNDA:8,sent
FNDA:0,Symbol.function.g.(anonymous function)
FNDA:21,verb
FNDA:15,step
FNDA:1,__importDefault
FNDA:5,CreateAppointmentService
FNDA:7,CreateAppointmentService.execute
DA:1,1
DA:2,1
DA:3,1
DA:4,1
DA:5,1
DA:6,1
DA:7,1
DA:8,1
DA:9,1
DA:10,1
DA:11,1
DA:12,1
DA:13,1
DA:14,1
DA:15,1
DA:16,1
DA:17,1
DA:18,1
DA:19,1
DA:20,5
DA:21,5
DA:22,5
DA:23,5
DA:24,5
DA:25,5
DA:26,5
DA:27,5
DA:28,5
DA:29,1
DA:30,1
DA:31,7
DA:32,7
DA:33,7
DA:34,7
DA:35,7
DA:36,7
DA:37,7
DA:38,3
DA:39,3
DA:40,4
DA:41,7
DA:42,1
DA:43,1
DA:44,3
DA:45,7
DA:46,1
DA:47,1
DA:48,1
DA:49,1
DA:50,2
DA:51,2
DA:52,2
DA:53,2
DA:54,2
DA:55,7
DA:56,7
DA:57,0
DA:58,0
DA:59,7
DA:60,7
DA:61,7
DA:62,7
DA:63,7
DA:64,7
DA:65,7
DA:66,7
DA:67,7
DA:68,7
DA:69,7
DA:70,7
DA:71,7
DA:72,7
DA:73,7
DA:74,7
DA:75,7
DA:76,7
DA:77,7
DA:78,7
DA:79,7
DA:80,7
DA:81,7
DA:82,7
DA:83,7
DA:84,7
DA:85,1
DA:86,1
DA:87,1
LF:87
LH:85
BRDA:87,0,0,1
BRDA:87,1,0,1
BRDA:87,2,0,0
BRDA:87,3,0,0
BRDA:87,4,0,0
BRDA:87,5,0,0
BRDA:87,6,0,1
BRDA:87,7,0,3
BRDA:87,8,0,3
BRDA:87,9,0,7
BRDA:87,10,0,8
BRDA:87,11,0,0
BRDA:87,12,0,7
BRDA:87,13,0,8
BRDA:87,14,0,0
BRDA:87,15,0,10
BRDA:87,16,0,2
BRDA:87,17,0,8
BRDA:87,18,0,7
BRDA:87,19,0,8
BRDA:87,20,0,0
BRDA:87,21,0,21
BRDA:87,22,0,15
BRDA:87,23,0,15
BRDA:87,24,0,0
BRDA:87,25,0,30
BRDA:87,26,0,0
BRDA:87,27,0,0
BRDA:87,28,0,0
BRDA:87,29,0,0
BRDA:87,30,0,15
BRDA:87,31,0,15
BRDA:87,32,0,0
BRDA:87,33,0,8
BRDA:87,34,0,0
BRDA:87,35,0,7
BRDA:87,36,0,0
BRDA:87,37,0,2
BRDA:87,38,0,0
BRDA:87,39,0,0
BRDA:87,40,0,0
BRDA:87,41,0,0
BRDA:87,42,0,0
BRDA:87,43,0,15
BRDA:87,44,0,10
BRDA:87,45,0,5
BRDA:87,46,0,15
BRDA:87,47,0,7
BRDA:87,48,0,5
BRDA:87,49,0,2
BRDA:87,50,0,0
BRDA:87,51,0,1
BRDA:87,52,0,0
BRDA:18,53,0,1
BRDA:19,54,0,5
BRDA:30,55,0,7
BRDA:87,56,0,7
BRDA:87,57,0,15
BRDA:87,58,0,7
BRDA:37,59,0,3
BRDA:39,60,0,4
BRDA:41,61,0,1
BRDA:43,62,0,3
BRDA:45,63,0,2
BRDA:45,64,0,1
BRDA:49,65,0,2
BRDA:87,66,0,0
BRDA:87,67,0,2
BRDA:56,68,0,0
BRDA:87,69,0,0
BRDA:87,70,0,2
BRDA:87,71,0,0
BRDA:87,72,0,2
BRDA:87,73,0,0
BRDA:87,74,0,2
BRDA:87,75,0,0
BRF:76
BRH:48
end_of_record
TN:
SF:src/modules/appointments/services/ListProviderAppointmentsService.ts
FN:55,__decorate
FN:55,__metadata
FN:55,__param
FN:55,__awaiter
FN:55,adopt
FN:55,fulfilled
FN:55,rejected
FN:55,step
FN:55,__generator
FN:55,sent
FN:55,Symbol.function.g.(anonymous function)
FN:55,verb
FN:55,step
FN:18,ListProviderAppointmentsService
FN:26,ListProviderAppointmentsService.execute
FNF:15
FNH:13
FNDA:1,__decorate
FNDA:1,__metadata
FNDA:2,__param
FNDA:1,__awaiter
FNDA:3,adopt
FNDA:3,fulfilled
FNDA:0,rejected
FNDA:4,step
FNDA:1,__generator
FNDA:3,sent
FNDA:0,Symbol.function.g.(anonymous function)
FNDA:3,verb
FNDA:4,step
FNDA:1,ListProviderAppointmentsService
FNDA:1,ListProviderAppointmentsService.execute
DA:1,1
DA:2,1
DA:3,1
DA:4,1
DA:5,1
DA:6,1
DA:7,1
DA:8,1
DA:9,1
DA:10,1
DA:11,1
DA:12,1
DA:13,1
DA:14,1
DA:15,1
DA:16,1
DA:17,1
DA:18,1
DA:19,1
DA:20,1
DA:21,1
DA:22,1
DA:23,1
DA:24,1
DA:25,1
DA:26,1
DA:27,1
DA:28,1
DA:29,1
DA:30,1
DA:31,1
DA:32,1
DA:33,1
DA:34,1
DA:35,1
DA:36,1
DA:37,1
DA:38,1
DA:39,1
DA:40,1
DA:41,1
DA:42,1
DA:43,1
DA:44,1
DA:45,1
DA:46,1
DA:47,1
DA:48,1
DA:49,1
DA:50,1
DA:51,1
DA:52,1
DA:53,1
DA:54,1
DA:55,1
LF:55
LH:55
BRDA:55,0,0,1
BRDA:55,1,0,1
BRDA:55,2,0,0
BRDA:55,3,0,0
BRDA:55,4,0,0
BRDA:55,5,0,0
BRDA:55,6,0,1
BRDA:55,7,0,2
BRDA:55,8,0,2
BRDA:55,9,0,1
BRDA:55,10,0,3
BRDA:55,11,0,0
BRDA:55,12,0,1
BRDA:55,13,0,3
BRDA:55,14,0,0
BRDA:55,15,0,4
BRDA:55,16,0,1
BRDA:55,17,0,3
BRDA:55,18,0,1
BRDA:55,19,0,3
BRDA:55,20,0,0
BRDA:55,21,0,3
BRDA:55,22,0,4
BRDA:55,23,0,4
BRDA:55,24,0,0
BRDA:55,25,0,8
BRDA:55,26,0,0
BRDA:55,27,0,0
BRDA:55,28,0,0
BRDA:55,29,0,0
BRDA:55,30,0,4
BRDA:55,31,0,4
BRDA:55,32,0,0
BRDA:55,33,0,3
BRDA:55,34,0,0
BRDA:55,35,0,1
BRDA:55,36,0,0
BRDA:55,37,0,0
BRDA:55,38,0,0
BRDA:55,39,0,0
BRDA:55,40,0,0
BRDA:55,41,0,0
BRDA:55,42,0,4
BRDA:55,43,0,0
BRDA:55,44,0,4
BRDA:55,45,0,1
BRDA:55,46,0,0
BRDA:55,47,0,1
BRDA:55,48,0,0
BRDA:17,49,0,1
BRDA:18,50,0,1
BRDA:26,51,0,1
BRDA:55,52,0,1
BRDA:55,53,0,4
BRDA:55,54,0,1
BRDA:55,55,0,0
BRDA:55,56,0,1
BRDA:38,57,0,0
BRDA:55,58,0,0
BRDA:55,59,0,1
BRDA:55,60,0,0
BRDA:55,61,0,1
BRDA:51,62,0,1
BRDA:55,63,0,0
BRF:64
BRH:36
end_of_record
TN:
SF:src/modules/appointments/services/ListProviderDayAvailabilityService.ts
FN:66,__decorate
FN:66,__metadata
FN:66,__param
FN:66,__awaiter
FN:66,adopt
FN:66,fulfilled
FN:66,rejected
FN:66,step
FN:66,__generator
FN:66,sent
FN:66,Symbol.function.g.(anonymous function)
FN:66,verb
FN:66,step
FN:20,ListProviderDayAvailabilityService
FN:25,ListProviderDayAvailabilityService.execute
FNF:15
FNH:13
FNDA:1,__decorate
FNDA:1,__metadata
FNDA:1,__param
FNDA:1,__awaiter
FNDA:1,adopt
FNDA:1,fulfilled
FNDA:0,rejected
FNDA:2,step
FNDA:1,__generator
FNDA:1,sent
FNDA:0,Symbol.function.g.(anonymous function)
FNDA:3,verb
FNDA:2,step
FNDA:1,ListProviderDayAvailabilityService
FNDA:1,ListProviderDayAvailabilityService.execute
DA:1,1
DA:2,1
DA:3,1
DA:4,1
DA:5,1
DA:6,1
DA:7,1
DA:8,1
DA:9,1
DA:10,1
DA:11,1
DA:12,1
DA:13,1
DA:14,1
DA:15,1
DA:16,1
DA:17,1
DA:18,1
DA:19,1
DA:20,1
DA:21,1
DA:22,1
DA:23,1
DA:24,1
DA:25,1
DA:26,1
DA:27,1
DA:28,1
DA:29,1
DA:30,1
DA:31,1
DA:32,1
DA:33,1
DA:34,1
DA:35,1
DA:36,1
DA:37,1
DA:38,1
DA:39,1
DA:40,1
DA:41,1
DA:42,1
DA:43,1
DA:44,1
DA:45,1
DA:46,1
DA:47,1
DA:48,1
DA:49,1
DA:50,10
DA:51,10
DA:52,10
DA:53,10
DA:54,10
DA:55,10
DA:56,10
DA:57,10
DA:58,10
DA:59,10
DA:60,1
DA:61,1
DA:62,1
DA:63,1
DA:64,1
DA:65,1
DA:66,1
LF:66
LH:66
BRDA:66,0,0,1
BRDA:66,1,0,1
BRDA:66,2,0,0
BRDA:66,3,0,0
BRDA:66,4,0,0
BRDA:66,5,0,0
BRDA:66,6,0,1
BRDA:66,7,0,1
BRDA:66,8,0,1
BRDA:66,9,0,1
BRDA:66,10,0,1
BRDA:66,11,0,0
BRDA:66,12,0,1
BRDA:66,13,0,1
BRDA:66,14,0,0
BRDA:66,15,0,2
BRDA:66,16,0,1
BRDA:66,17,0,1
BRDA:66,18,0,1
BRDA:66,19,0,1
BRDA:66,20,0,0
BRDA:66,21,0,3
BRDA:66,22,0,2
BRDA:66,23,0,2
BRDA:66,24,0,0
BRDA:66,25,0,4
BRDA:66,26,0,0
BRDA:66,27,0,0
BRDA:66,28,0,0
BRDA:66,29,0,0
BRDA:66,30,0,2
BRDA:66,31,0,2
BRDA:66,32,0,0
BRDA:66,33,0,1
BRDA:66,34,0,0
BRDA:66,35,0,1
BRDA:66,36,0,0
BRDA:66,37,0,0
BRDA:66,38,0,0
BRDA:66,39,0,0
BRDA:66,40,0,0
BRDA:66,41,0,0
BRDA:66,42,0,2
BRDA:66,43,0,0
BRDA:66,44,0,2
BRDA:66,45,0,1
BRDA:66,46,0,0
BRDA:66,47,0,1
BRDA:66,48,0,0
BRDA:19,49,0,1
BRDA:20,50,0,1
BRDA:25,51,0,1
BRDA:66,52,0,1
BRDA:66,53,0,2
BRDA:31,54,0,1
BRDA:66,55,0,0
BRDA:66,56,0,1
BRDA:66,57,0,0
BRDA:44,58,0,10
BRDA:49,59,0,10
BRDA:58,60,0,8
BRDA:51,61,0,19
BRF:62
BRH:37
end_of_record
TN:
SF:src/modules/appointments/services/ListProviderMonthAvailabilityService.ts
FN:62,__decorate
FN:62,__metadata
FN:62,__param
FN:62,__awaiter
FN:62,adopt
FN:62,fulfilled
FN:62,rejected
FN:62,step
FN:62,__generator
FN:62,sent
FN:62,Symbol.function.g.(anonymous function)
FN:62,verb
FN:62,step
FN:19,ListProviderMonthAvailabilityService
FN:24,ListProviderMonthAvailabilityService.execute
FNF:15
FNH:13
FNDA:1,__decorate
FNDA:1,__metadata
FNDA:1,__param
FNDA:1,__awaiter
FNDA:1,adopt
FNDA:1,fulfilled
FNDA:0,rejected
FNDA:2,step
FNDA:1,__generator
FNDA:1,sent
FNDA:0,Symbol.function.g.(anonymous function)
FNDA:3,verb
FNDA:2,step
FNDA:1,ListProviderMonthAvailabilityService
FNDA:1,ListProviderMonthAvailabilityService.execute
DA:1,1
DA:2,1
DA:3,1
DA:4,1
DA:5,1
DA:6,1
DA:7,1
DA:8,1
DA:9,1
DA:10,1
DA:11,1
DA:12,1
DA:13,1
DA:14,1
DA:15,1
DA:16,1
DA:17,1
DA:18,1
DA:19,1
DA:20,1
DA:21,1
DA:22,1
DA:23,1
DA:24,1
DA:25,1
DA:26,1
DA:27,1
DA:28,1
DA:29,1
DA:30,1
DA:31,1
DA:32,1
DA:33,1
DA:34,1
DA:35,1
DA:36,1
DA:37,1
DA:38,1
DA:39,1
DA:40,1
DA:41,1
DA:42,1
DA:43,1
DA:44,1
DA:45,31
DA:46,31
DA:47,31
DA:48,310
DA:49,31
DA:50,31
DA:51,31
DA:52,31
DA:53,31
DA:54,31
DA:55,31
DA:56,1
DA:57,1
DA:58,1
DA:59,1
DA:60,1
DA:61,1
DA:62,1
LF:62
LH:62
BRDA:62,0,0,1
BRDA:62,1,0,1
BRDA:62,2,0,0
BRDA:62,3,0,0
BRDA:62,4,0,0
BRDA:62,5,0,0
BRDA:62,6,0,1
BRDA:62,7,0,1
BRDA:62,8,0,1
BRDA:62,9,0,1
BRDA:62,10,0,1
BRDA:62,11,0,0
BRDA:62,12,0,1
BRDA:62,13,0,1
BRDA:62,14,0,0
BRDA:62,15,0,2
BRDA:62,16,0,1
BRDA:62,17,0,1
BRDA:62,18,0,1
BRDA:62,19,0,1
BRDA:62,20,0,0
BRDA:62,21,0,3
BRDA:62,22,0,2
BRDA:62,23,0,2
BRDA:62,24,0,0
BRDA:62,25,0,4
BRDA:62,26,0,0
BRDA:62,27,0,0
BRDA:62,28,0,0
BRDA:62,29,0,0
BRDA:62,30,0,2
BRDA:62,31,0,2
BRDA:62,32,0,0
BRDA:62,33,0,1
BRDA:62,34,0,0
BRDA:62,35,0,1
BRDA:62,36,0,0
BRDA:62,37,0,0
BRDA:62,38,0,0
BRDA:62,39,0,0
BRDA:62,40,0,0
BRDA:62,41,0,0
BRDA:62,42,0,2
BRDA:62,43,0,0
BRDA:62,44,0,2
BRDA:62,45,0,1
BRDA:62,46,0,0
BRDA:62,47,0,1
BRDA:62,48,0,0
BRDA:18,49,0,1
BRDA:19,50,0,1
BRDA:24,51,0,1
BRDA:62,52,0,1
BRDA:62,53,0,2
BRDA:29,54,0,1
BRDA:62,55,0,0
BRDA:62,56,0,1
BRDA:62,57,0,0
BRDA:41,58,0,31
BRDA:44,59,0,31
BRDA:54,60,0,0
BRDA:47,61,0,310
BRF:62
BRH:36
end_of_record
TN:
SF:src/modules/appointments/services/ListProvidersService.ts
FN:43,__decorate
FN:43,__metadata
FN:43,__param
FN:43,__awaiter
FN:43,adopt
FN:43,fulfilled
FN:43,rejected
FN:43,step
FN:43,__generator
FN:43,sent
FN:43,Symbol.function.g.(anonymous function)
FN:43,verb
FN:43,step
FN:15,ListProvidersService
FN:23,ListProvidersService.execute
FNF:15
FNH:13
FNDA:1,__decorate
FNDA:1,__metadata
FNDA:2,__param
FNDA:1,__awaiter
FNDA:3,adopt
FNDA:3,fulfilled
FNDA:0,rejected
FNDA:4,step
FNDA:1,__generator
FNDA:3,sent
FNDA:0,Symbol.function.g.(anonymous function)
FNDA:3,verb
FNDA:4,step
FNDA:1,ListProvidersService
FNDA:1,ListProvidersService.execute
DA:1,1
DA:2,1
DA:3,1
DA:4,1
DA:5,1
DA:6,1
DA:7,1
DA:8,1
DA:9,1
DA:10,1
DA:11,1
DA:12,1
DA:13,1
DA:14,1
DA:15,1
DA:16,1
DA:17,1
DA:18,1
DA:19,1
DA:20,1
DA:21,1
DA:22,1
DA:23,1
DA:24,1
DA:25,1
DA:26,1
DA:27,1
DA:28,1
DA:29,1
DA:30,1
DA:31,1
DA:32,1
DA:33,1
DA:34,1
DA:35,1
DA:36,1
DA:37,1
DA:38,1
DA:39,1
DA:40,1
DA:41,1
DA:42,1
DA:43,1
LF:43
LH:43
BRDA:43,0,0,1
BRDA:43,1,0,1
BRDA:43,2,0,0
BRDA:43,3,0,0
BRDA:43,4,0,0
BRDA:43,5,0,0
BRDA:43,6,0,1
BRDA:43,7,0,2
BRDA:43,8,0,2
BRDA:43,9,0,1
BRDA:43,10,0,3
BRDA:43,11,0,0
BRDA:43,12,0,1
BRDA:43,13,0,3
BRDA:43,14,0,0
BRDA:43,15,0,4
BRDA:43,16,0,1
BRDA:43,17,0,3
BRDA:43,18,0,1
BRDA:43,19,0,3
BRDA:43,20,0,0
BRDA:43,21,0,3
BRDA:43,22,0,4
BRDA:43,23,0,4
BRDA:43,24,0,0
BRDA:43,25,0,8
BRDA:43,26,0,0
BRDA:43,27,0,0
BRDA:43,28,0,0
BRDA:43,29,0,0
BRDA:43,30,0,4
BRDA:43,31,0,4
BRDA:43,32,0,0
BRDA:43,33,0,3
BRDA:43,34,0,0
BRDA:43,35,0,1
BRDA:43,36,0,0
BRDA:43,37,0,0
BRDA:43,38,0,0
BRDA:43,39,0,0
BRDA:43,40,0,0
BRDA:43,41,0,0
BRDA:43,42,0,4
BRDA:43,43,0,0
BRDA:43,44,0,4
BRDA:43,45,0,1
BRDA:43,46,0,0
BRDA:43,47,0,1
BRDA:43,48,0,0
BRDA:14,49,0,1
BRDA:15,50,0,1
BRDA:23,51,0,1
BRDA:43,52,0,1
BRDA:43,53,0,4
BRDA:24,54,0,1
BRDA:43,55,0,0
BRDA:43,56,0,1
BRDA:28,57,0,0
BRDA:43,58,0,0
BRDA:43,59,0,1
BRDA:43,60,0,0
BRDA:43,61,0,1
BRDA:39,62,0,1
BRDA:43,63,0,0
BRF:64
BRH:36
end_of_record
TN:
SF:src/modules/users/services/AuthenticateUserService.ts
FN:64,__decorate
FN:64,__metadata
FN:64,__param
FN:64,__awaiter
FN:64,adopt
FN:64,fulfilled
FN:64,rejected
FN:64,step
FN:64,__generator
FN:64,sent
FN:64,Symbol.function.g.(anonymous function)
FN:64,verb
FN:64,step
FN:64,__importDefault
FN:22,AuthenticateUserService
FN:30,AuthenticateUserService.execute
FNF:16
FNH:14
FNDA:1,__decorate
FNDA:1,__metadata
FNDA:2,__param
FNDA:3,__awaiter
FNDA:5,adopt
FNDA:5,fulfilled
FNDA:0,rejected
FNDA:6,step
FNDA:3,__generator
FNDA:5,sent
FNDA:0,Symbol.function.g.(anonymous function)
FNDA:9,verb
FNDA:8,step
FNDA:2,__importDefault
FNDA:3,AuthenticateUserService
FNDA:3,AuthenticateUserService.execute
DA:1,1
DA:2,1
DA:3,1
DA:4,1
DA:5,1
DA:6,1
DA:7,1
DA:8,1
DA:9,1
DA:10,1
DA:11,1
DA:12,1
DA:13,1
DA:14,1
DA:15,1
DA:16,1
DA:17,1
DA:18,1
DA:19,1
DA:20,1
DA:21,1
DA:22,1
DA:23,3
DA:24,3
DA:25,3
DA:26,3
DA:27,3
DA:28,3
DA:29,1
DA:30,1
DA:31,3
DA:32,3
DA:33,3
DA:34,3
DA:35,3
DA:36,1
DA:37,1
DA:38,2
DA:39,2
DA:40,2
DA:41,2
DA:42,2
DA:43,2
DA:44,3
DA:45,3
DA:46,3
DA:47,1
DA:48,1
DA:49,1
DA:50,1
DA:51,1
DA:52,1
DA:53,1
DA:54,1
DA:55,1
DA:56,1
DA:57,1
DA:58,1
DA:59,1
DA:60,1
DA:61,3
DA:62,1
DA:63,1
DA:64,1
LF:64
LH:64
BRDA:64,0,0,1
BRDA:64,1,0,1
BRDA:64,2,0,0
BRDA:64,3,0,0
BRDA:64,4,0,0
BRDA:64,5,0,0
BRDA:64,6,0,1
BRDA:64,7,0,2
BRDA:64,8,0,2
BRDA:64,9,0,3
BRDA:64,10,0,5
BRDA:64,11,0,0
BRDA:64,12,0,3
BRDA:64,13,0,5
BRDA:64,14,0,3
BRDA:64,15,0,2
BRDA:64,16,0,6
BRDA:64,17,0,1
BRDA:64,18,0,5
BRDA:64,19,0,3
BRDA:64,20,0,5
BRDA:64,21,0,0
BRDA:64,22,0,9
BRDA:64,23,0,8
BRDA:64,24,0,8
BRDA:64,25,0,0
BRDA:64,26,0,16
BRDA:64,27,0,0
BRDA:64,28,0,0
BRDA:64,29,0,0
BRDA:64,30,0,0
BRDA:64,31,0,8
BRDA:64,32,0,8
BRDA:64,33,0,0
BRDA:64,34,0,5
BRDA:64,35,0,0
BRDA:64,36,0,3
BRDA:64,37,0,0
BRDA:64,38,0,1
BRDA:64,39,0,0
BRDA:64,40,0,0
BRDA:64,41,0,0
BRDA:64,42,0,0
BRDA:64,43,0,0
BRDA:64,44,0,8
BRDA:64,45,0,6
BRDA:64,46,0,2
BRDA:64,47,0,8
BRDA:64,48,0,3
BRDA:64,49,0,2
BRDA:64,50,0,1
BRDA:64,51,0,0
BRDA:64,52,0,2
BRDA:64,53,0,0
BRDA:21,54,0,1
BRDA:22,55,0,3
BRDA:30,56,0,3
BRDA:64,57,0,3
BRDA:64,58,0,8
BRDA:32,59,0,3
BRDA:64,60,0,0
BRDA:64,61,0,3
BRDA:35,62,0,1
BRDA:37,63,0,2
BRDA:64,64,0,0
BRDA:64,65,0,2
BRDA:46,66,0,1
BRDA:64,67,0,0
BRF:68
BRH:44
end_of_record
TN:
SF:src/modules/users/services/CreateUserService.ts
FN:50,__decorate
FN:50,__metadata
FN:50,__param
FN:50,__awaiter
FN:50,adopt
FN:50,fulfilled
FN:50,rejected
FN:50,step
FN:50,__generator
FN:50,sent
FN:50,Symbol.function.g.(anonymous function)
FN:50,verb
FN:50,step
FN:50,__importDefault
FN:18,CreateUserService
FN:29,CreateUserService.execute
FNF:16
FNH:14
FNDA:1,__decorate
FNDA:1,__metadata
FNDA:3,__param
FNDA:3,__awaiter
FNDA:9,adopt
FNDA:9,fulfilled
FNDA:0,rejected
FNDA:11,step
FNDA:3,__generator
FNDA:9,sent
FNDA:0,Symbol.function.g.(anonymous function)
FNDA:9,verb
FNDA:12,step
FNDA:1,__importDefault
FNDA:2,CreateUserService
FNDA:3,CreateUserService.execute
DA:1,1
DA:2,1
DA:3,1
DA:4,1
DA:5,1
DA:6,1
DA:7,1
DA:8,1
DA:9,1
DA:10,1
DA:11,1
DA:12,1
DA:13,1
DA:14,1
DA:15,1
DA:16,1
DA:17,1
DA:18,1
DA:19,2
DA:20,2
DA:21,2
DA:22,2
DA:23,2
DA:24,2
DA:25,2
DA:26,2
DA:27,2
DA:28,1
DA:29,1
DA:30,3
DA:31,3
DA:32,3
DA:33,1
DA:34,1
DA:35,2
DA:36,2
DA:37,3
DA:38,3
DA:39,3
DA:40,3
DA:41,3
DA:42,3
DA:43,3
DA:44,3
DA:45,3
DA:46,3
DA:47,3
DA:48,1
DA:49,1
DA:50,1
LF:50
LH:50
BRDA:50,0,0,1
BRDA:50,1,0,1
BRDA:50,2,0,0
BRDA:50,3,0,0
BRDA:50,4,0,0
BRDA:50,5,0,0
BRDA:50,6,0,1
BRDA:50,7,0,3
BRDA:50,8,0,3
BRDA:50,9,0,3
BRDA:50,10,0,9
BRDA:50,11,0,0
BRDA:50,12,0,3
BRDA:50,13,0,9
BRDA:50,14,0,8
BRDA:50,15,0,1
BRDA:50,16,0,11
BRDA:50,17,0,2
BRDA:50,18,0,9
BRDA:50,19,0,3
BRDA:50,20,0,9
BRDA:50,21,0,0
BRDA:50,22,0,9
BRDA:50,23,0,12
BRDA:50,24,0,12
BRDA:50,25,0,0
BRDA:50,26,0,24
BRDA:50,27,0,0
BRDA:50,28,0,0
BRDA:50,29,0,0
BRDA:50,30,0,0
BRDA:50,31,0,12
BRDA:50,32,0,12
BRDA:50,33,0,0
BRDA:50,34,0,9
BRDA:50,35,0,0
BRDA:50,36,0,3
BRDA:50,37,0,0
BRDA:50,38,0,2
BRDA:50,39,0,0
BRDA:50,40,0,0
BRDA:50,41,0,0
BRDA:50,42,0,0
BRDA:50,43,0,0
BRDA:50,44,0,12
BRDA:50,45,0,11
BRDA:50,46,0,1
BRDA:50,47,0,12
BRDA:50,48,0,3
BRDA:50,49,0,1
BRDA:50,50,0,2
BRDA:50,51,0,0
BRDA:50,52,0,1
BRDA:50,53,0,0
BRDA:17,54,0,1
BRDA:18,55,0,2
BRDA:29,56,0,3
BRDA:50,57,0,3
BRDA:50,58,0,12
BRDA:30,59,0,3
BRDA:50,60,0,0
BRDA:50,61,0,3
BRDA:32,62,0,1
BRDA:34,63,0,2
BRDA:50,64,0,0
BRDA:50,65,0,2
BRDA:50,66,0,0
BRDA:50,67,0,2
BRDA:50,68,0,0
BRDA:50,69,0,2
BRDA:50,70,0,0
BRF:71
BRH:45
end_of_record
TN:
SF:src/modules/users/services/ResetPasswordService.ts
FN:53,__decorate
FN:53,__metadata
FN:53,__param
FN:53,__awaiter
FN:53,adopt
FN:53,fulfilled
FN:53,rejected
FN:53,step
FN:53,__generator
FN:53,sent
FN:53,Symbol.function.g.(anonymous function)
FN:53,verb
FN:53,step
FN:53,__importDefault
FN:16,ResetPasswordService
FN:27,ResetPasswordService.execute
FNF:16
FNH:14
FNDA:1,__decorate
FNDA:1,__metadata
FNDA:3,__param
FNDA:4,__awaiter
FNDA:9,adopt
FNDA:9,fulfilled
FNDA:0,rejected
FNDA:10,step
FNDA:4,__generator
FNDA:9,sent
FNDA:0,Symbol.function.g.(anonymous function)
FNDA:12,verb
FNDA:13,step
FNDA:1,__importDefault
FNDA:4,ResetPasswordService
FNDA:4,ResetPasswordService.execute
DA:1,1
DA:2,1
DA:3,1
DA:4,1
DA:5,1
DA:6,1
DA:7,1
DA:8,1
DA:9,1
DA:10,1
DA:11,1
DA:12,1
DA:13,1
DA:14,1
DA:15,1
DA:16,1
DA:17,4
DA:18,4
DA:19,4
DA:20,4
DA:21,4
DA:22,4
DA:23,4
DA:24,4
DA:25,4
DA:26,1
DA:27,1
DA:28,4
DA:29,4
DA:30,4
DA:31,1
DA:32,1
DA:33,3
DA:34,3
DA:35,4
DA:36,4
DA:37,1
DA:38,1
DA:39,2
DA:40,2
DA:41,2
DA:42,2
DA:43,4
DA:44,1
DA:45,1
DA:46,1
DA:47,1
DA:48,4
DA:49,4
DA:50,4
DA:51,1
DA:52,1
DA:53,1
LF:53
LH:53
BRDA:53,0,0,1
BRDA:53,1,0,1
BRDA:53,2,0,0
BRDA:53,3,0,0
BRDA:53,4,0,0
BRDA:53,5,0,0
BRDA:53,6,0,1
BRDA:53,7,0,3
BRDA:53,8,0,3
BRDA:53,9,0,4
BRDA:53,10,0,9
BRDA:53,11,0,0
BRDA:53,12,0,4
BRDA:53,13,0,9
BRDA:53,14,0,6
BRDA:53,15,0,3
BRDA:53,16,0,10
BRDA:53,17,0,1
BRDA:53,18,0,9
BRDA:53,19,0,4
BRDA:53,20,0,9
BRDA:53,21,0,0
BRDA:53,22,0,12
BRDA:53,23,0,13
BRDA:53,24,0,13
BRDA:53,25,0,0
BRDA:53,26,0,26
BRDA:53,27,0,0
BRDA:53,28,0,0
BRDA:53,29,0,0
BRDA:53,30,0,0
BRDA:53,31,0,13
BRDA:53,32,0,13
BRDA:53,33,0,0
BRDA:53,34,0,9
BRDA:53,35,0,0
BRDA:53,36,0,4
BRDA:53,37,0,0
BRDA:53,38,0,1
BRDA:53,39,0,0
BRDA:53,40,0,0
BRDA:53,41,0,0
BRDA:53,42,0,0
BRDA:53,43,0,0
BRDA:53,44,0,13
BRDA:53,45,0,10
BRDA:53,46,0,3
BRDA:53,47,0,13
BRDA:53,48,0,4
BRDA:53,49,0,3
BRDA:53,50,0,1
BRDA:53,51,0,0
BRDA:53,52,0,1
BRDA:53,53,0,0
BRDA:15,54,0,1
BRDA:16,55,0,4
BRDA:27,56,0,4
BRDA:53,57,0,4
BRDA:53,58,0,13
BRDA:28,59,0,4
BRDA:53,60,0,0
BRDA:53,61,0,4
BRDA:30,62,0,1
BRDA:32,63,0,3
BRDA:53,64,0,0
BRDA:53,65,0,3
BRDA:36,66,0,1
BRDA:38,67,0,2
BRDA:43,68,0,1
BRDA:53,69,0,0
BRDA:53,70,0,1
BRDA:53,71,0,0
BRDA:53,72,0,1
BRDA:53,73,0,0
BRF:74
BRH:48
end_of_record
TN:
SF:src/modules/users/services/SendForgotPasswordEmailService.ts
FN:59,__decorate
FN:59,__metadata
FN:59,__param
FN:59,__awaiter
FN:59,adopt
FN:59,fulfilled
FN:59,rejected
FN:59,step
FN:59,__generator
FN:59,sent
FN:59,Symbol.function.g.(anonymous function)
FN:59,verb
FN:59,step
FN:59,__importDefault
FN:15,SendForgotPasswordEmailService
FN:26,SendForgotPasswordEmailService.execute
FNF:16
FNH:14
FNDA:1,__decorate
FNDA:1,__metadata
FNDA:3,__param
FNDA:3,__awaiter
FNDA:7,adopt
FNDA:7,fulfilled
FNDA:0,rejected
FNDA:9,step
FNDA:3,__generator
FNDA:7,sent
FNDA:0,Symbol.function.g.(anonymous function)
FNDA:9,verb
FNDA:10,step
FNDA:2,__importDefault
FNDA:3,SendForgotPasswordEmailService
FNDA:3,SendForgotPasswordEmailService.execute
DA:1,1
DA:2,1
DA:3,1
DA:4,1
DA:5,1
DA:6,1
DA:7,1
DA:8,1
DA:9,1
DA:10,1
DA:11,1
DA:12,1
DA:13,1
DA:14,1
DA:15,1
DA:16,3
DA:17,3
DA:18,3
DA:19,3
DA:20,3
DA:21,3
DA:22,3
DA:23,3
DA:24,3
DA:25,1
DA:26,1
DA:27,3
DA:28,3
DA:29,3
DA:30,1
DA:31,1
DA:32,2
DA:33,2
DA:34,2
DA:35,2
DA:36,2
DA:37,2
DA:38,2
DA:39,2
DA:40,2
DA:41,3
DA:42,3
DA:43,3
DA:44,3
DA:45,3
DA:46,3
DA:47,3
DA:48,3
DA:49,3
DA:50,3
DA:51,3
DA:52,3
DA:53,3
DA:54,3
DA:55,3
DA:56,3
DA:57,1
DA:58,1
DA:59,1
LF:59
LH:59
BRDA:59,0,0,1
BRDA:59,1,0,1
BRDA:59,2,0,0
BRDA:59,3,0,0
BRDA:59,4,0,0
BRDA:59,5,0,0
BRDA:59,6,0,1
BRDA:59,7,0,3
BRDA:59,8,0,3
BRDA:59,9,0,3
BRDA:59,10,0,7
BRDA:59,11,0,0
BRDA:59,12,0,3
BRDA:59,13,0,7
BRDA:59,14,0,6
BRDA:59,15,0,1
BRDA:59,16,0,9
BRDA:59,17,0,2
BRDA:59,18,0,7
BRDA:59,19,0,3
BRDA:59,20,0,7
BRDA:59,21,0,0
BRDA:59,22,0,9
BRDA:59,23,0,10
BRDA:59,24,0,10
BRDA:59,25,0,0
BRDA:59,26,0,20
BRDA:59,27,0,0
BRDA:59,28,0,0
BRDA:59,29,0,0
BRDA:59,30,0,0
BRDA:59,31,0,10
BRDA:59,32,0,10
BRDA:59,33,0,0
BRDA:59,34,0,7
BRDA:59,35,0,0
BRDA:59,36,0,3
BRDA:59,37,0,0
BRDA:59,38,0,2
BRDA:59,39,0,0
BRDA:59,40,0,0
BRDA:59,41,0,0
BRDA:59,42,0,0
BRDA:59,43,0,0
BRDA:59,44,0,10
BRDA:59,45,0,9
BRDA:59,46,0,1
BRDA:59,47,0,10
BRDA:59,48,0,3
BRDA:59,49,0,1
BRDA:59,50,0,2
BRDA:59,51,0,0
BRDA:59,52,0,2
BRDA:59,53,0,1
BRDA:59,54,0,1
BRDA:14,55,0,1
BRDA:15,56,0,3
BRDA:26,57,0,3
BRDA:59,58,0,3
BRDA:59,59,0,10
BRDA:27,60,0,3
BRDA:59,61,0,0
BRDA:59,62,0,3
BRDA:29,63,0,1
BRDA:31,64,0,2
BRDA:59,65,0,0
BRDA:59,66,0,2
BRDA:59,67,0,0
BRDA:59,68,0,2
BRDA:59,69,0,0
BRF:70
BRH:46
end_of_record
TN:
SF:src/modules/users/services/ShowProfileService.ts
FN:29,__decorate
FN:29,__metadata
FN:29,__param
FN:29,__awaiter
FN:29,adopt
FN:29,fulfilled
FN:29,rejected
FN:29,step
FN:29,__generator
FN:29,sent
FN:29,Symbol.function.g.(anonymous function)
FN:29,verb
FN:29,step
FN:29,__importDefault
FN:13,ShowProfileService
FN:18,ShowProfileService.execute
FNF:16
FNH:14
FNDA:1,__decorate
FNDA:1,__metadata
FNDA:1,__param
FNDA:2,__awaiter
FNDA:2,adopt
FNDA:2,fulfilled
FNDA:0,rejected
FNDA:3,step
FNDA:2,__generator
FNDA:2,sent
FNDA:0,Symbol.function.g.(anonymous function)
FNDA:6,verb
FNDA:4,step
FNDA:1,__importDefault
FNDA:2,ShowProfileService
FNDA:2,ShowProfileService.execute
DA:1,1
DA:2,1
DA:3,1
DA:4,1
DA:5,1
DA:6,1
DA:7,1
DA:8,1
DA:9,1
DA:10,1
DA:11,1
DA:12,1
DA:13,1
DA:14,2
DA:15,2
DA:16,2
DA:17,1
DA:18,1
DA:19,2
DA:20,2
DA:21,2
DA:22,1
DA:23,1
DA:24,1
DA:25,1
DA:26,2
DA:27,1
DA:28,1
DA:29,1
LF:29
LH:29
BRDA:29,0,0,1
BRDA:29,1,0,1
BRDA:29,2,0,0
BRDA:29,3,0,0
BRDA:29,4,0,0
BRDA:29,5,0,0
BRDA:29,6,0,1
BRDA:29,7,0,1
BRDA:29,8,0,1
BRDA:29,9,0,2
BRDA:29,10,0,2
BRDA:29,11,0,0
BRDA:29,12,0,2
BRDA:29,13,0,2
BRDA:29,14,0,1
BRDA:29,15,0,3
BRDA:29,16,0,1
BRDA:29,17,0,2
BRDA:29,18,0,2
BRDA:29,19,0,2
BRDA:29,20,0,0
BRDA:29,21,0,6
BRDA:29,22,0,4
BRDA:29,23,0,4
BRDA:29,24,0,0
BRDA:29,25,0,8
BRDA:29,26,0,0
BRDA:29,27,0,0
BRDA:29,28,0,0
BRDA:29,29,0,0
BRDA:29,30,0,4
BRDA:29,31,0,4
BRDA:29,32,0,0
BRDA:29,33,0,2
BRDA:29,34,0,0
BRDA:29,35,0,2
BRDA:29,36,0,0
BRDA:29,37,0,1
BRDA:29,38,0,0
BRDA:29,39,0,0
BRDA:29,40,0,0
BRDA:29,41,0,0
BRDA:29,42,0,0
BRDA:29,43,0,4
BRDA:29,44,0,3
BRDA:29,45,0,1
BRDA:29,46,0,4
BRDA:29,47,0,2
BRDA:29,48,0,1
BRDA:29,49,0,0
BRDA:29,50,0,1
BRDA:29,51,0,0
BRDA:12,52,0,1
BRDA:13,53,0,2
BRDA:18,54,0,2
BRDA:29,55,0,2
BRDA:29,56,0,4
BRDA:19,57,0,2
BRDA:29,58,0,0
BRDA:29,59,0,2
BRDA:21,60,0,1
BRDA:29,61,0,0
BRF:62
BRH:39
end_of_record
TN:
SF:src/modules/users/services/UpdateProfileService.ts
FN:73,__decorate
FN:73,__metadata
FN:73,__param
FN:73,__awaiter
FN:73,adopt
FN:73,fulfilled
FN:73,rejected
FN:73,step
FN:73,__generator
FN:73,sent
FN:73,Symbol.function.g.(anonymous function)
FN:73,verb
FN:73,step
FN:73,__importDefault
FN:18,UpdateProfileService
FN:26,UpdateProfileService.execute
FNF:16
FNH:14
FNDA:1,__decorate
FNDA:1,__metadata
FNDA:2,__param
FNDA:6,__awaiter
FNDA:14,adopt
FNDA:14,fulfilled
FNDA:0,rejected
FNDA:16,step
FNDA:6,__generator
FNDA:14,sent
FNDA:0,Symbol.function.g.(anonymous function)
FNDA:18,verb
FNDA:20,step
FNDA:1,__importDefault
FNDA:6,UpdateProfileService
FNDA:6,UpdateProfileService.execute
DA:1,1
DA:2,1
DA:3,1
DA:4,1
DA:5,1
DA:6,1
DA:7,1
DA:8,1
DA:9,1
DA:10,1
DA:11,1
DA:12,1
DA:13,1
DA:14,1
DA:15,1
DA:16,1
DA:17,1
DA:18,1
DA:19,6
DA:20,6
DA:21,6
DA:22,6
DA:23,6
DA:24,6
DA:25,1
DA:26,1
DA:27,6
DA:28,6
DA:29,6
DA:30,6
DA:31,6
DA:32,6
DA:33,6
DA:34,6
DA:35,6
DA:36,1
DA:37,1
DA:38,5
DA:39,5
DA:40,6
DA:41,6
DA:42,1
DA:43,1
DA:44,4
DA:45,4
DA:46,4
DA:47,4
DA:48,6
DA:49,1
DA:50,1
DA:51,1
DA:52,1
DA:53,3
DA:54,6
DA:55,2
DA:56,2
DA:57,2
DA:58,2
DA:59,6
DA:60,6
DA:61,6
DA:62,6
DA:63,6
DA:64,6
DA:65,6
DA:66,1
DA:67,6
DA:68,6
DA:69,6
DA:70,6
DA:71,1
DA:72,1
DA:73,1
LF:73
LH:73
BRDA:73,0,0,1
BRDA:73,1,0,1
BRDA:73,2,0,0
BRDA:73,3,0,0
BRDA:73,4,0,0
BRDA:73,5,0,0
BRDA:73,6,0,1
BRDA:73,7,0,2
BRDA:73,8,0,2
BRDA:73,9,0,6
BRDA:73,10,0,14
BRDA:73,11,0,0
BRDA:73,12,0,6
BRDA:73,13,0,14
BRDA:73,14,0,10
BRDA:73,15,0,4
BRDA:73,16,0,16
BRDA:73,17,0,2
BRDA:73,18,0,14
BRDA:73,19,0,6
BRDA:73,20,0,14
BRDA:73,21,0,0
BRDA:73,22,0,18
BRDA:73,23,0,20
BRDA:73,24,0,20
BRDA:73,25,0,0
BRDA:73,26,0,42
BRDA:73,27,0,0
BRDA:73,28,0,0
BRDA:73,29,0,0
BRDA:73,30,0,0
BRDA:73,31,0,20
BRDA:73,32,0,20
BRDA:73,33,0,0
BRDA:73,34,0,14
BRDA:73,35,0,0
BRDA:73,36,0,8
BRDA:73,37,0,0
BRDA:73,38,0,4
BRDA:73,39,0,6
BRDA:73,40,0,2
BRDA:73,41,0,0
BRDA:73,42,0,2
BRDA:73,43,0,0
BRDA:73,44,0,0
BRDA:73,45,0,0
BRDA:73,46,0,0
BRDA:73,47,0,22
BRDA:73,48,0,18
BRDA:73,49,0,4
BRDA:73,50,0,22
BRDA:73,51,0,6
BRDA:73,52,0,4
BRDA:73,53,0,2
BRDA:73,54,0,0
BRDA:73,55,0,1
BRDA:73,56,0,0
BRDA:17,57,0,1
BRDA:18,58,0,6
BRDA:26,59,0,6
BRDA:73,60,0,6
BRDA:73,61,0,22
BRDA:33,62,0,6
BRDA:73,63,0,0
BRDA:73,64,0,6
BRDA:35,65,0,1
BRDA:37,66,0,5
BRDA:73,67,0,0
BRDA:73,68,0,5
BRDA:41,69,0,1
BRDA:41,70,0,1
BRDA:43,71,0,4
BRDA:48,72,0,3
BRDA:48,73,0,1
BRDA:52,74,0,3
BRDA:54,75,0,2
BRDA:54,76,0,1
BRDA:54,77,0,2
BRDA:73,78,0,0
BRDA:73,79,0,2
BRDA:73,80,0,1
BRDA:73,81,0,2
BRDA:65,82,0,1
BRDA:73,83,0,0
BRDA:73,84,0,1
BRDA:69,85,0,2
BRDA:73,86,0,0
BRF:87
BRH:61
end_of_record
TN:
SF:src/modules/users/services/UpdateUserAvatarService.ts
FN:46,__decorate
FN:46,__metadata
FN:46,__param
FN:46,__awaiter
FN:46,adopt
FN:46,fulfilled
FN:46,rejected
FN:46,step
FN:46,__generator
FN:46,sent
FN:46,Symbol.function.g.(anonymous function)
FN:46,verb
FN:46,step
FN:46,__importDefault
FN:14,UpdateUserAvatarService
FN:22,UpdateUserAvatarService.execute
FNF:16
FNH:14
FNDA:1,__decorate
FNDA:1,__metadata
FNDA:2,__param
FNDA:4,__awaiter
FNDA:11,adopt
FNDA:11,fulfilled
FNDA:0,rejected
FNDA:14,step
FNDA:4,__generator
FNDA:11,sent
FNDA:0,Symbol.function.g.(anonymous function)
FNDA:12,verb
FNDA:15,step
FNDA:1,__importDefault
FNDA:3,UpdateUserAvatarService
FNDA:4,UpdateUserAvatarService.execute
DA:1,1
DA:2,1
DA:3,1
DA:4,1
DA:5,1
DA:6,1
DA:7,1
DA:8,1
DA:9,1
DA:10,1
DA:11,1
DA:12,1
DA:13,1
DA:14,1
DA:15,3
DA:16,3
DA:17,3
DA:18,3
DA:19,3
DA:20,3
DA:21,1
DA:22,1
DA:23,4
DA:24,4
DA:25,4
DA:26,4
DA:27,4
DA:28,4
DA:29,1
DA:30,1
DA:31,3
DA:32,3
DA:33,1
DA:34,4
DA:35,4
DA:36,4
DA:37,4
DA:38,4
DA:39,4
DA:40,4
DA:41,4
DA:42,4
DA:43,4
DA:44,1
DA:45,1
DA:46,1
LF:46
LH:46
BRDA:46,0,0,1
BRDA:46,1,0,1
BRDA:46,2,0,0
BRDA:46,3,0,0
BRDA:46,4,0,0
BRDA:46,5,0,0
BRDA:46,6,0,1
BRDA:46,7,0,2
BRDA:46,8,0,2
BRDA:46,9,0,4
BRDA:46,10,0,11
BRDA:46,11,0,0
BRDA:46,12,0,4
BRDA:46,13,0,11
BRDA:46,14,0,10
BRDA:46,15,0,1
BRDA:46,16,0,14
BRDA:46,17,0,3
BRDA:46,18,0,11
BRDA:46,19,0,4
BRDA:46,20,0,11
BRDA:46,21,0,0
BRDA:46,22,0,12
BRDA:46,23,0,15
BRDA:46,24,0,15
BRDA:46,25,0,0
BRDA:46,26,0,32
BRDA:46,27,0,0
BRDA:46,28,0,0
BRDA:46,29,0,0
BRDA:46,30,0,0
BRDA:46,31,0,15
BRDA:46,32,0,15
BRDA:46,33,0,0
BRDA:46,34,0,11
BRDA:46,35,0,0
BRDA:46,36,0,6
BRDA:46,37,0,0
BRDA:46,38,0,5
BRDA:46,39,0,4
BRDA:46,40,0,2
BRDA:46,41,0,0
BRDA:46,42,0,2
BRDA:46,43,0,0
BRDA:46,44,0,0
BRDA:46,45,0,0
BRDA:46,46,0,0
BRDA:46,47,0,17
BRDA:46,48,0,16
BRDA:46,49,0,1
BRDA:46,50,0,17
BRDA:46,51,0,4
BRDA:46,52,0,1
BRDA:46,53,0,3
BRDA:46,54,0,0
BRDA:46,55,0,1
BRDA:46,56,0,0
BRDA:13,57,0,1
BRDA:14,58,0,3
BRDA:22,59,0,4
BRDA:46,60,0,4
BRDA:46,61,0,17
BRDA:26,62,0,4
BRDA:46,63,0,0
BRDA:46,64,0,4
BRDA:28,65,0,1
BRDA:30,66,0,3
BRDA:32,67,0,2
BRDA:32,68,0,1
BRDA:46,69,0,0
BRDA:46,70,0,1
BRDA:36,71,0,3
BRDA:46,72,0,0
BRDA:46,73,0,3
BRDA:46,74,0,0
BRDA:46,75,0,3
BRDA:46,76,0,0
BRF:77
BRH:51
end_of_record
