{"/home/caio/Desktop/.www/Gh/study/place-of-studies/Courses/Rocketseat/GoStack/Module Three/gobarber-mob/src/components/Button/index.tsx": {"path":"/home/caio/Desktop/.www/Gh/study/place-of-studies/Courses/Rocketseat/GoStack/Module Three/gobarber-mob/src/components/Button/index.tsx","statementMap":{"0":{"start":{"line":9,"column":38},"end":{"line":13,"column":1}},"1":{"start":{"line":10,"column":2},"end":{"line":12,"column":14}}},"fnMap":{"0":{"name":"(anonymous_0)","decl":{"start":{"line":9,"column":38},"end":{"line":9,"column":39}},"loc":{"start":{"line":10,"column":2},"end":{"line":12,"column":14}},"line":10}},"branchMap":{},"s":{"0":1,"1":1},"f":{"0":1},"b":{},"_coverageSchema":"1a1c01bbd47fc00a2c39e90264f33305004495a9","hash":"4114e010a0c8f26080840e03cf435ef9a8850e02"}
,"/home/caio/Desktop/.www/Gh/study/place-of-studies/Courses/Rocketseat/GoStack/Module Three/gobarber-mob/src/components/Input/index.tsx": {"path":"/home/caio/Desktop/.www/Gh/study/place-of-studies/Courses/Rocketseat/GoStack/Module Three/gobarber-mob/src/components/Input/index.tsx","statementMap":{"0":{"start":{"line":27,"column":66},"end":{"line":92,"column":1}},"1":{"start":{"line":31,"column":65},"end":{"line":31,"column":79}},"2":{"start":{"line":32,"column":24},"end":{"line":32,"column":76}},"3":{"start":{"line":33,"column":26},"end":{"line":33,"column":43}},"4":{"start":{"line":35,"column":36},"end":{"line":35,"column":51}},"5":{"start":{"line":36,"column":34},"end":{"line":36,"column":49}},"6":{"start":{"line":38,"column":27},"end":{"line":40,"column":8}},"7":{"start":{"line":39,"column":4},"end":{"line":39,"column":23}},"8":{"start":{"line":42,"column":26},"end":{"line":46,"column":8}},"9":{"start":{"line":43,"column":4},"end":{"line":43,"column":24}},"10":{"start":{"line":45,"column":4},"end":{"line":45,"column":47}},"11":{"start":{"line":48,"column":2},"end":{"line":52,"column":6}},"12":{"start":{"line":48,"column":34},"end":{"line":52,"column":3}},"13":{"start":{"line":50,"column":6},"end":{"line":50,"column":38}},"14":{"start":{"line":54,"column":2},"end":{"line":68,"column":33}},"15":{"start":{"line":55,"column":4},"end":{"line":67,"column":7}},"16":{"start":{"line":60,"column":8},"end":{"line":60,"column":44}},"17":{"start":{"line":61,"column":8},"end":{"line":61,"column":64}},"18":{"start":{"line":64,"column":8},"end":{"line":64,"column":41}},"19":{"start":{"line":65,"column":8},"end":{"line":65,"column":40}},"20":{"start":{"line":70,"column":2},"end":{"line":91,"column":4}},"21":{"start":{"line":86,"column":10},"end":{"line":86,"column":46}}},"fnMap":{"0":{"name":"(anonymous_0)","decl":{"start":{"line":27,"column":66},"end":{"line":27,"column":67}},"loc":{"start":{"line":30,"column":5},"end":{"line":92,"column":1}},"line":30},"1":{"name":"(anonymous_1)","decl":{"start":{"line":38,"column":39},"end":{"line":38,"column":40}},"loc":{"start":{"line":38,"column":45},"end":{"line":40,"column":3}},"line":38},"2":{"name":"(anonymous_2)","decl":{"start":{"line":42,"column":38},"end":{"line":42,"column":39}},"loc":{"start":{"line":42,"column":44},"end":{"line":46,"column":3}},"line":42},"3":{"name":"(anonymous_3)","decl":{"start":{"line":48,"column":27},"end":{"line":48,"column":28}},"loc":{"start":{"line":48,"column":34},"end":{"line":52,"column":3}},"line":48},"4":{"name":"(anonymous_4)","decl":{"start":{"line":49,"column":4},"end":{"line":49,"column":5}},"loc":{"start":{"line":49,"column":12},"end":{"line":51,"column":5}},"line":49},"5":{"name":"(anonymous_5)","decl":{"start":{"line":54,"column":12},"end":{"line":54,"column":13}},"loc":{"start":{"line":54,"column":18},"end":{"line":68,"column":3}},"line":54},"6":{"name":"(anonymous_6)","decl":{"start":{"line":59,"column":6},"end":{"line":59,"column":7}},"loc":{"start":{"line":59,"column":32},"end":{"line":62,"column":7}},"line":59},"7":{"name":"(anonymous_7)","decl":{"start":{"line":63,"column":6},"end":{"line":63,"column":7}},"loc":{"start":{"line":63,"column":19},"end":{"line":66,"column":7}},"line":63},"8":{"name":"(anonymous_8)","decl":{"start":{"line":85,"column":22},"end":{"line":85,"column":23}},"loc":{"start":{"line":85,"column":31},"end":{"line":87,"column":9}},"line":85}},"branchMap":{"0":{"loc":{"start":{"line":28,"column":16},"end":{"line":28,"column":35}},"type":"default-arg","locations":[{"start":{"line":28,"column":33},"end":{"line":28,"column":35}}],"line":28},"1":{"loc":{"start":{"line":31,"column":25},"end":{"line":31,"column":42}},"type":"default-arg","locations":[{"start":{"line":31,"column":40},"end":{"line":31,"column":42}}],"line":31},"2":{"loc":{"start":{"line":75,"column":15},"end":{"line":75,"column":60}},"type":"cond-expr","locations":[{"start":{"line":75,"column":39},"end":{"line":75,"column":48}},{"start":{"line":75,"column":51},"end":{"line":75,"column":60}}],"line":75},"3":{"loc":{"start":{"line":75,"column":15},"end":{"line":75,"column":36}},"type":"binary-expr","locations":[{"start":{"line":75,"column":15},"end":{"line":75,"column":24}},{"start":{"line":75,"column":28},"end":{"line":75,"column":36}}],"line":75}},"s":{"0":1,"1":2,"2":2,"3":2,"4":2,"5":2,"6":2,"7":0,"8":2,"9":0,"10":0,"11":2,"12":1,"13":0,"14":2,"15":2,"16":0,"17":0,"18":0,"19":0,"20":2,"21":0},"f":{"0":2,"1":0,"2":0,"3":1,"4":0,"5":2,"6":0,"7":0,"8":0},"b":{"0":[2],"1":[2],"2":[0,2],"3":[2,2]},"_coverageSchema":"1a1c01bbd47fc00a2c39e90264f33305004495a9","hash":"2e9cfe16222d256657741ac42ac5fc50fddce172"}
,"/home/caio/Desktop/.www/Gh/study/place-of-studies/Courses/Rocketseat/GoStack/Module Three/gobarber-mob/src/hooks/auth.tsx": {"path":"/home/caio/Desktop/.www/Gh/study/place-of-studies/Courses/Rocketseat/GoStack/Module Three/gobarber-mob/src/hooks/auth.tsx","statementMap":{"0":{"start":{"line":36,"column":20},"end":{"line":36,"column":73}},"1":{"start":{"line":38,"column":31},"end":{"line":101,"column":1}},"2":{"start":{"line":39,"column":26},"end":{"line":39,"column":62}},"3":{"start":{"line":40,"column":32},"end":{"line":40,"column":46}},"4":{"start":{"line":42,"column":2},"end":{"line":59,"column":9}},"5":{"start":{"line":44,"column":28},"end":{"line":47,"column":8}},"6":{"start":{"line":49,"column":6},"end":{"line":53,"column":7}},"7":{"start":{"line":50,"column":8},"end":{"line":50,"column":66}},"8":{"start":{"line":52,"column":8},"end":{"line":52,"column":64}},"9":{"start":{"line":55,"column":6},"end":{"line":55,"column":24}},"10":{"start":{"line":58,"column":4},"end":{"line":58,"column":23}},"11":{"start":{"line":61,"column":17},"end":{"line":74,"column":8}},"12":{"start":{"line":62,"column":21},"end":{"line":62,"column":68}},"13":{"start":{"line":64,"column":28},"end":{"line":64,"column":41}},"14":{"start":{"line":66,"column":4},"end":{"line":69,"column":7}},"15":{"start":{"line":71,"column":4},"end":{"line":71,"column":59}},"16":{"start":{"line":73,"column":4},"end":{"line":73,"column":29}},"17":{"start":{"line":76,"column":18},"end":{"line":80,"column":8}},"18":{"start":{"line":77,"column":4},"end":{"line":77,"column":74}},"19":{"start":{"line":79,"column":4},"end":{"line":79,"column":29}},"20":{"start":{"line":82,"column":21},"end":{"line":92,"column":3}},"21":{"start":{"line":84,"column":6},"end":{"line":84,"column":73}},"22":{"start":{"line":86,"column":6},"end":{"line":89,"column":9}},"23":{"start":{"line":94,"column":2},"end":{"line":100,"column":4}},"24":{"start":{"line":104,"column":18},"end":{"line":104,"column":41}},"25":{"start":{"line":106,"column":2},"end":{"line":108,"column":3}},"26":{"start":{"line":107,"column":4},"end":{"line":107,"column":67}},"27":{"start":{"line":110,"column":2},"end":{"line":110,"column":17}}},"fnMap":{"0":{"name":"(anonymous_0)","decl":{"start":{"line":38,"column":31},"end":{"line":38,"column":32}},"loc":{"start":{"line":38,"column":49},"end":{"line":101,"column":1}},"line":38},"1":{"name":"(anonymous_1)","decl":{"start":{"line":42,"column":12},"end":{"line":42,"column":13}},"loc":{"start":{"line":42,"column":18},"end":{"line":59,"column":3}},"line":42},"2":{"name":"loadStoragedData","decl":{"start":{"line":43,"column":19},"end":{"line":43,"column":35}},"loc":{"start":{"line":43,"column":53},"end":{"line":56,"column":5}},"line":43},"3":{"name":"(anonymous_3)","decl":{"start":{"line":61,"column":29},"end":{"line":61,"column":30}},"loc":{"start":{"line":61,"column":60},"end":{"line":74,"column":3}},"line":61},"4":{"name":"(anonymous_4)","decl":{"start":{"line":76,"column":30},"end":{"line":76,"column":31}},"loc":{"start":{"line":76,"column":42},"end":{"line":80,"column":3}},"line":76},"5":{"name":"(anonymous_5)","decl":{"start":{"line":83,"column":4},"end":{"line":83,"column":5}},"loc":{"start":{"line":83,"column":26},"end":{"line":90,"column":5}},"line":83},"6":{"name":"useAuth","decl":{"start":{"line":103,"column":9},"end":{"line":103,"column":16}},"loc":{"start":{"line":103,"column":36},"end":{"line":111,"column":1}},"line":103}},"branchMap":{"0":{"loc":{"start":{"line":49,"column":6},"end":{"line":53,"column":7}},"type":"if","locations":[{"start":{"line":49,"column":6},"end":{"line":53,"column":7}},{"start":{"line":49,"column":6},"end":{"line":53,"column":7}}],"line":49},"1":{"loc":{"start":{"line":49,"column":10},"end":{"line":49,"column":29}},"type":"binary-expr","locations":[{"start":{"line":49,"column":10},"end":{"line":49,"column":18}},{"start":{"line":49,"column":22},"end":{"line":49,"column":29}}],"line":49},"2":{"loc":{"start":{"line":106,"column":2},"end":{"line":108,"column":3}},"type":"if","locations":[{"start":{"line":106,"column":2},"end":{"line":108,"column":3}},{"start":{"line":106,"column":2},"end":{"line":108,"column":3}}],"line":106}},"s":{"0":1,"1":1,"2":0,"3":0,"4":0,"5":0,"6":0,"7":0,"8":0,"9":0,"10":0,"11":0,"12":0,"13":0,"14":0,"15":0,"16":0,"17":0,"18":0,"19":0,"20":0,"21":0,"22":0,"23":0,"24":1,"25":1,"26":0,"27":1},"f":{"0":0,"1":0,"2":0,"3":0,"4":0,"5":0,"6":1},"b":{"0":[0,0],"1":[0,0],"2":[0,1]},"_coverageSchema":"1a1c01bbd47fc00a2c39e90264f33305004495a9","hash":"2c6688f5ebf0b358fdf492cd4676b39f99c96be7"}
,"/home/caio/Desktop/.www/Gh/study/place-of-studies/Courses/Rocketseat/GoStack/Module Three/gobarber-mob/src/pages/AppointmentCreated/index.tsx": {"path":"/home/caio/Desktop/.www/Gh/study/place-of-studies/Courses/Rocketseat/GoStack/Module Three/gobarber-mob/src/pages/AppointmentCreated/index.tsx","statementMap":{"0":{"start":{"line":18,"column":37},"end":{"line":51,"column":1}},"1":{"start":{"line":19,"column":20},"end":{"line":19,"column":35}},"2":{"start":{"line":20,"column":21},"end":{"line":20,"column":31}},"3":{"start":{"line":22,"column":22},"end":{"line":22,"column":43}},"4":{"start":{"line":24,"column":26},"end":{"line":29,"column":13}},"5":{"start":{"line":25,"column":4},"end":{"line":28,"column":7}},"6":{"start":{"line":31,"column":24},"end":{"line":37,"column":24}},"7":{"start":{"line":32,"column":4},"end":{"line":36,"column":6}},"8":{"start":{"line":39,"column":2},"end":{"line":50,"column":4}}},"fnMap":{"0":{"name":"(anonymous_0)","decl":{"start":{"line":18,"column":37},"end":{"line":18,"column":38}},"loc":{"start":{"line":18,"column":43},"end":{"line":51,"column":1}},"line":18},"1":{"name":"(anonymous_1)","decl":{"start":{"line":24,"column":38},"end":{"line":24,"column":39}},"loc":{"start":{"line":24,"column":44},"end":{"line":29,"column":3}},"line":24},"2":{"name":"(anonymous_2)","decl":{"start":{"line":31,"column":32},"end":{"line":31,"column":33}},"loc":{"start":{"line":31,"column":38},"end":{"line":37,"column":3}},"line":31}},"branchMap":{},"s":{"0":0,"1":0,"2":0,"3":0,"4":0,"5":0,"6":0,"7":0,"8":0},"f":{"0":0,"1":0,"2":0},"b":{}}
,"/home/caio/Desktop/.www/Gh/study/place-of-studies/Courses/Rocketseat/GoStack/Module Three/gobarber-mob/src/pages/CreateAppointment/index.tsx": {"path":"/home/caio/Desktop/.www/Gh/study/place-of-studies/Courses/Rocketseat/GoStack/Module Three/gobarber-mob/src/pages/CreateAppointment/index.tsx","statementMap":{"0":{"start":{"line":51,"column":36},"end":{"line":265,"column":1}},"1":{"start":{"line":52,"column":36},"end":{"line":52,"column":60}},"2":{"start":{"line":53,"column":46},"end":{"line":53,"column":61}},"3":{"start":{"line":54,"column":42},"end":{"line":54,"column":62}},"4":{"start":{"line":55,"column":42},"end":{"line":55,"column":53}},"5":{"start":{"line":56,"column":42},"end":{"line":56,"column":74}},"6":{"start":{"line":57,"column":19},"end":{"line":57,"column":28}},"7":{"start":{"line":58,"column":16},"end":{"line":58,"column":26}},"8":{"start":{"line":59,"column":22},"end":{"line":59,"column":49}},"9":{"start":{"line":60,"column":50},"end":{"line":62,"column":3}},"10":{"start":{"line":63,"column":31},"end":{"line":63,"column":46}},"11":{"start":{"line":65,"column":2},"end":{"line":69,"column":9}},"12":{"start":{"line":66,"column":4},"end":{"line":68,"column":7}},"13":{"start":{"line":67,"column":6},"end":{"line":67,"column":34}},"14":{"start":{"line":71,"column":2},"end":{"line":83,"column":39}},"15":{"start":{"line":72,"column":4},"end":{"line":82,"column":9}},"16":{"start":{"line":81,"column":8},"end":{"line":81,"column":39}},"17":{"start":{"line":85,"column":23},"end":{"line":87,"column":14}},"18":{"start":{"line":86,"column":4},"end":{"line":86,"column":13}},"19":{"start":{"line":89,"column":31},"end":{"line":91,"column":8}},"20":{"start":{"line":90,"column":4},"end":{"line":90,"column":36}},"21":{"start":{"line":93,"column":33},"end":{"line":95,"column":8}},"22":{"start":{"line":94,"column":4},"end":{"line":94,"column":39}},"23":{"start":{"line":94,"column":31},"end":{"line":94,"column":37}},"24":{"start":{"line":97,"column":28},"end":{"line":104,"column":3}},"25":{"start":{"line":99,"column":6},"end":{"line":99,"column":62}},"26":{"start":{"line":99,"column":37},"end":{"line":99,"column":62}},"27":{"start":{"line":101,"column":6},"end":{"line":101,"column":38}},"28":{"start":{"line":101,"column":16},"end":{"line":101,"column":38}},"29":{"start":{"line":106,"column":29},"end":{"line":108,"column":8}},"30":{"start":{"line":107,"column":4},"end":{"line":107,"column":26}},"31":{"start":{"line":110,"column":34},"end":{"line":129,"column":62}},"32":{"start":{"line":111,"column":4},"end":{"line":128,"column":5}},"33":{"start":{"line":112,"column":19},"end":{"line":112,"column":41}},"34":{"start":{"line":114,"column":6},"end":{"line":114,"column":34}},"35":{"start":{"line":115,"column":6},"end":{"line":115,"column":25}},"36":{"start":{"line":117,"column":6},"end":{"line":120,"column":9}},"37":{"start":{"line":122,"column":6},"end":{"line":122,"column":63}},"38":{"start":{"line":124,"column":6},"end":{"line":127,"column":8}},"39":{"start":{"line":131,"column":28},"end":{"line":133,"column":16}},"40":{"start":{"line":132,"column":4},"end":{"line":132,"column":24}},"41":{"start":{"line":135,"column":30},"end":{"line":145,"column":20}},"42":{"start":{"line":136,"column":4},"end":{"line":144,"column":9}},"43":{"start":{"line":137,"column":28},"end":{"line":137,"column":37}},"44":{"start":{"line":139,"column":8},"end":{"line":143,"column":10}},"45":{"start":{"line":147,"column":32},"end":{"line":157,"column":20}},"46":{"start":{"line":148,"column":4},"end":{"line":156,"column":9}},"47":{"start":{"line":149,"column":28},"end":{"line":149,"column":38}},"48":{"start":{"line":151,"column":8},"end":{"line":155,"column":10}},"49":{"start":{"line":159,"column":2},"end":{"line":264,"column":4}},"50":{"start":{"line":177,"column":38},"end":{"line":177,"column":49}},"51":{"start":{"line":181,"column":14},"end":{"line":189,"column":34}},"52":{"start":{"line":182,"column":31},"end":{"line":182,"column":64}},"53":{"start":{"line":221,"column":16},"end":{"line":231,"column":23}},"54":{"start":{"line":223,"column":33},"end":{"line":223,"column":57}},"55":{"start":{"line":242,"column":18},"end":{"line":252,"column":25}},"56":{"start":{"line":244,"column":35},"end":{"line":244,"column":59}}},"fnMap":{"0":{"name":"(anonymous_0)","decl":{"start":{"line":51,"column":36},"end":{"line":51,"column":37}},"loc":{"start":{"line":51,"column":42},"end":{"line":265,"column":1}},"line":51},"1":{"name":"(anonymous_1)","decl":{"start":{"line":65,"column":12},"end":{"line":65,"column":13}},"loc":{"start":{"line":65,"column":18},"end":{"line":69,"column":3}},"line":65},"2":{"name":"(anonymous_2)","decl":{"start":{"line":66,"column":30},"end":{"line":66,"column":31}},"loc":{"start":{"line":66,"column":42},"end":{"line":68,"column":5}},"line":66},"3":{"name":"(anonymous_3)","decl":{"start":{"line":71,"column":12},"end":{"line":71,"column":13}},"loc":{"start":{"line":71,"column":18},"end":{"line":83,"column":3}},"line":71},"4":{"name":"(anonymous_4)","decl":{"start":{"line":80,"column":12},"end":{"line":80,"column":13}},"loc":{"start":{"line":80,"column":24},"end":{"line":82,"column":7}},"line":80},"5":{"name":"(anonymous_5)","decl":{"start":{"line":85,"column":35},"end":{"line":85,"column":36}},"loc":{"start":{"line":85,"column":41},"end":{"line":87,"column":3}},"line":85},"6":{"name":"(anonymous_6)","decl":{"start":{"line":89,"column":43},"end":{"line":89,"column":44}},"loc":{"start":{"line":89,"column":67},"end":{"line":91,"column":3}},"line":89},"7":{"name":"(anonymous_7)","decl":{"start":{"line":93,"column":45},"end":{"line":93,"column":46}},"loc":{"start":{"line":93,"column":51},"end":{"line":95,"column":3}},"line":93},"8":{"name":"(anonymous_8)","decl":{"start":{"line":94,"column":22},"end":{"line":94,"column":23}},"loc":{"start":{"line":94,"column":31},"end":{"line":94,"column":37}},"line":94},"9":{"name":"(anonymous_9)","decl":{"start":{"line":98,"column":4},"end":{"line":98,"column":5}},"loc":{"start":{"line":98,"column":44},"end":{"line":102,"column":5}},"line":98},"10":{"name":"(anonymous_10)","decl":{"start":{"line":106,"column":41},"end":{"line":106,"column":42}},"loc":{"start":{"line":106,"column":59},"end":{"line":108,"column":3}},"line":106},"11":{"name":"(anonymous_11)","decl":{"start":{"line":110,"column":46},"end":{"line":110,"column":47}},"loc":{"start":{"line":110,"column":58},"end":{"line":129,"column":3}},"line":110},"12":{"name":"(anonymous_12)","decl":{"start":{"line":131,"column":40},"end":{"line":131,"column":41}},"loc":{"start":{"line":131,"column":46},"end":{"line":133,"column":3}},"line":131},"13":{"name":"(anonymous_13)","decl":{"start":{"line":135,"column":38},"end":{"line":135,"column":39}},"loc":{"start":{"line":135,"column":44},"end":{"line":145,"column":3}},"line":135},"14":{"name":"(anonymous_14)","decl":{"start":{"line":137,"column":14},"end":{"line":137,"column":15}},"loc":{"start":{"line":137,"column":28},"end":{"line":137,"column":37}},"line":137},"15":{"name":"(anonymous_15)","decl":{"start":{"line":138,"column":11},"end":{"line":138,"column":12}},"loc":{"start":{"line":138,"column":36},"end":{"line":144,"column":7}},"line":138},"16":{"name":"(anonymous_16)","decl":{"start":{"line":147,"column":40},"end":{"line":147,"column":41}},"loc":{"start":{"line":147,"column":46},"end":{"line":157,"column":3}},"line":147},"17":{"name":"(anonymous_17)","decl":{"start":{"line":149,"column":14},"end":{"line":149,"column":15}},"loc":{"start":{"line":149,"column":28},"end":{"line":149,"column":38}},"line":149},"18":{"name":"(anonymous_18)","decl":{"start":{"line":150,"column":11},"end":{"line":150,"column":12}},"loc":{"start":{"line":150,"column":36},"end":{"line":156,"column":7}},"line":150},"19":{"name":"(anonymous_19)","decl":{"start":{"line":177,"column":26},"end":{"line":177,"column":27}},"loc":{"start":{"line":177,"column":38},"end":{"line":177,"column":49}},"line":177},"20":{"name":"(anonymous_20)","decl":{"start":{"line":180,"column":24},"end":{"line":180,"column":25}},"loc":{"start":{"line":181,"column":14},"end":{"line":189,"column":34}},"line":181},"21":{"name":"(anonymous_21)","decl":{"start":{"line":182,"column":25},"end":{"line":182,"column":26}},"loc":{"start":{"line":182,"column":31},"end":{"line":182,"column":64}},"line":182},"22":{"name":"(anonymous_22)","decl":{"start":{"line":220,"column":39},"end":{"line":220,"column":40}},"loc":{"start":{"line":221,"column":16},"end":{"line":231,"column":23}},"line":221},"23":{"name":"(anonymous_23)","decl":{"start":{"line":223,"column":27},"end":{"line":223,"column":28}},"loc":{"start":{"line":223,"column":33},"end":{"line":223,"column":57}},"line":223},"24":{"name":"(anonymous_24)","decl":{"start":{"line":241,"column":16},"end":{"line":241,"column":17}},"loc":{"start":{"line":242,"column":18},"end":{"line":252,"column":25}},"line":242},"25":{"name":"(anonymous_25)","decl":{"start":{"line":244,"column":29},"end":{"line":244,"column":30}},"loc":{"start":{"line":244,"column":35},"end":{"line":244,"column":59}},"line":244}},"branchMap":{"0":{"loc":{"start":{"line":99,"column":6},"end":{"line":99,"column":62}},"type":"if","locations":[{"start":{"line":99,"column":6},"end":{"line":99,"column":62}},{"start":{"line":99,"column":6},"end":{"line":99,"column":62}}],"line":99},"1":{"loc":{"start":{"line":101,"column":6},"end":{"line":101,"column":38}},"type":"if","locations":[{"start":{"line":101,"column":6},"end":{"line":101,"column":38}},{"start":{"line":101,"column":6},"end":{"line":101,"column":38}}],"line":101},"2":{"loc":{"start":{"line":203,"column":11},"end":{"line":210,"column":11}},"type":"binary-expr","locations":[{"start":{"line":203,"column":11},"end":{"line":203,"column":25}},{"start":{"line":204,"column":12},"end":{"line":209,"column":14}}],"line":203}},"s":{"0":0,"1":0,"2":0,"3":0,"4":0,"5":0,"6":0,"7":0,"8":0,"9":0,"10":0,"11":0,"12":0,"13":0,"14":0,"15":0,"16":0,"17":0,"18":0,"19":0,"20":0,"21":0,"22":0,"23":0,"24":0,"25":0,"26":0,"27":0,"28":0,"29":0,"30":0,"31":0,"32":0,"33":0,"34":0,"35":0,"36":0,"37":0,"38":0,"39":0,"40":0,"41":0,"42":0,"43":0,"44":0,"45":0,"46":0,"47":0,"48":0,"49":0,"50":0,"51":0,"52":0,"53":0,"54":0,"55":0,"56":0},"f":{"0":0,"1":0,"2":0,"3":0,"4":0,"5":0,"6":0,"7":0,"8":0,"9":0,"10":0,"11":0,"12":0,"13":0,"14":0,"15":0,"16":0,"17":0,"18":0,"19":0,"20":0,"21":0,"22":0,"23":0,"24":0,"25":0},"b":{"0":[0,0],"1":[0,0],"2":[0,0]}}
,"/home/caio/Desktop/.www/Gh/study/place-of-studies/Courses/Rocketseat/GoStack/Module Three/gobarber-mob/src/pages/Dashboard/index.tsx": {"path":"/home/caio/Desktop/.www/Gh/study/place-of-studies/Courses/Rocketseat/GoStack/Module Three/gobarber-mob/src/pages/Dashboard/index.tsx","statementMap":{"0":{"start":{"line":29,"column":28},"end":{"line":95,"column":1}},"1":{"start":{"line":30,"column":36},"end":{"line":30,"column":60}},"2":{"start":{"line":31,"column":19},"end":{"line":31,"column":28}},"3":{"start":{"line":32,"column":23},"end":{"line":32,"column":38}},"4":{"start":{"line":34,"column":2},"end":{"line":38,"column":9}},"5":{"start":{"line":35,"column":4},"end":{"line":37,"column":7}},"6":{"start":{"line":36,"column":6},"end":{"line":36,"column":34}},"7":{"start":{"line":40,"column":28},"end":{"line":42,"column":16}},"8":{"start":{"line":41,"column":4},"end":{"line":41,"column":24}},"9":{"start":{"line":44,"column":38},"end":{"line":49,"column":3}},"10":{"start":{"line":46,"column":6},"end":{"line":46,"column":52}},"11":{"start":{"line":51,"column":2},"end":{"line":94,"column":4}},"12":{"start":{"line":70,"column":34},"end":{"line":70,"column":45}},"13":{"start":{"line":72,"column":10},"end":{"line":90,"column":30}},"14":{"start":{"line":73,"column":27},"end":{"line":73,"column":67}}},"fnMap":{"0":{"name":"(anonymous_0)","decl":{"start":{"line":29,"column":28},"end":{"line":29,"column":29}},"loc":{"start":{"line":29,"column":34},"end":{"line":95,"column":1}},"line":29},"1":{"name":"(anonymous_1)","decl":{"start":{"line":34,"column":12},"end":{"line":34,"column":13}},"loc":{"start":{"line":34,"column":18},"end":{"line":38,"column":3}},"line":34},"2":{"name":"(anonymous_2)","decl":{"start":{"line":35,"column":30},"end":{"line":35,"column":31}},"loc":{"start":{"line":35,"column":42},"end":{"line":37,"column":5}},"line":35},"3":{"name":"(anonymous_3)","decl":{"start":{"line":40,"column":40},"end":{"line":40,"column":41}},"loc":{"start":{"line":40,"column":46},"end":{"line":42,"column":3}},"line":40},"4":{"name":"(anonymous_4)","decl":{"start":{"line":45,"column":4},"end":{"line":45,"column":5}},"loc":{"start":{"line":45,"column":28},"end":{"line":47,"column":5}},"line":45},"5":{"name":"(anonymous_5)","decl":{"start":{"line":70,"column":22},"end":{"line":70,"column":23}},"loc":{"start":{"line":70,"column":34},"end":{"line":70,"column":45}},"line":70},"6":{"name":"(anonymous_6)","decl":{"start":{"line":71,"column":20},"end":{"line":71,"column":21}},"loc":{"start":{"line":72,"column":10},"end":{"line":90,"column":30}},"line":72},"7":{"name":"(anonymous_7)","decl":{"start":{"line":73,"column":21},"end":{"line":73,"column":22}},"loc":{"start":{"line":73,"column":27},"end":{"line":73,"column":67}},"line":73}},"branchMap":{},"s":{"0":0,"1":0,"2":0,"3":0,"4":0,"5":0,"6":0,"7":0,"8":0,"9":0,"10":0,"11":0,"12":0,"13":0,"14":0},"f":{"0":0,"1":0,"2":0,"3":0,"4":0,"5":0,"6":0,"7":0},"b":{}}
,"/home/caio/Desktop/.www/Gh/study/place-of-studies/Courses/Rocketseat/GoStack/Module Three/gobarber-mob/src/pages/Profile/index.tsx": {"path":"/home/caio/Desktop/.www/Gh/study/place-of-studies/Courses/Rocketseat/GoStack/Module Three/gobarber-mob/src/pages/Profile/index.tsx","statementMap":{"0":{"start":{"line":39,"column":26},"end":{"line":265,"column":1}},"1":{"start":{"line":40,"column":21},"end":{"line":40,"column":36}},"2":{"start":{"line":41,"column":18},"end":{"line":41,"column":43}},"3":{"start":{"line":42,"column":24},"end":{"line":42,"column":47}},"4":{"start":{"line":43,"column":30},"end":{"line":43,"column":53}},"5":{"start":{"line":44,"column":27},"end":{"line":44,"column":50}},"6":{"start":{"line":45,"column":34},"end":{"line":45,"column":57}},"7":{"start":{"line":46,"column":40},"end":{"line":46,"column":49}},"8":{"start":{"line":48,"column":23},"end":{"line":128,"column":3}},"9":{"start":{"line":50,"column":6},"end":{"line":125,"column":7}},"10":{"start":{"line":51,"column":8},"end":{"line":51,"column":39}},"11":{"start":{"line":53,"column":23},"end":{"line":76,"column":10}},"12":{"start":{"line":60,"column":23},"end":{"line":60,"column":35}},"13":{"start":{"line":68,"column":25},"end":{"line":68,"column":37}},"14":{"start":{"line":78,"column":8},"end":{"line":80,"column":11}},"15":{"start":{"line":88,"column":12},"end":{"line":88,"column":16}},"16":{"start":{"line":90,"column":25},"end":{"line":100,"column":9}},"17":{"start":{"line":102,"column":25},"end":{"line":102,"column":60}},"18":{"start":{"line":104,"column":8},"end":{"line":104,"column":34}},"19":{"start":{"line":106,"column":8},"end":{"line":106,"column":54}},"20":{"start":{"line":108,"column":8},"end":{"line":108,"column":28}},"21":{"start":{"line":110,"column":8},"end":{"line":116,"column":9}},"22":{"start":{"line":111,"column":10},"end":{"line":111,"column":31}},"23":{"start":{"line":113,"column":10},"end":{"line":113,"column":65}},"24":{"start":{"line":115,"column":10},"end":{"line":115,"column":17}},"25":{"start":{"line":118,"column":8},"end":{"line":121,"column":10}},"26":{"start":{"line":123,"column":8},"end":{"line":123,"column":29}},"27":{"start":{"line":124,"column":8},"end":{"line":124,"column":41}},"28":{"start":{"line":130,"column":29},"end":{"line":159,"column":27}},"29":{"start":{"line":131,"column":4},"end":{"line":158,"column":6}},"30":{"start":{"line":139,"column":8},"end":{"line":139,"column":39}},"31":{"start":{"line":139,"column":32},"end":{"line":139,"column":39}},"32":{"start":{"line":141,"column":8},"end":{"line":144,"column":9}},"33":{"start":{"line":142,"column":10},"end":{"line":142,"column":56}},"34":{"start":{"line":143,"column":10},"end":{"line":143,"column":17}},"35":{"start":{"line":146,"column":21},"end":{"line":146,"column":35}},"36":{"start":{"line":148,"column":8},"end":{"line":152,"column":11}},"37":{"start":{"line":154,"column":8},"end":{"line":156,"column":11}},"38":{"start":{"line":155,"column":10},"end":{"line":155,"column":39}},"39":{"start":{"line":161,"column":25},"end":{"line":163,"column":18}},"40":{"start":{"line":162,"column":4},"end":{"line":162,"column":24}},"41":{"start":{"line":165,"column":17},"end":{"line":167,"column":15}},"42":{"start":{"line":166,"column":4},"end":{"line":166,"column":14}},"43":{"start":{"line":169,"column":2},"end":{"line":264,"column":4}},"44":{"start":{"line":205,"column":41},"end":{"line":205,"column":71}},"45":{"start":{"line":217,"column":41},"end":{"line":217,"column":77}},"46":{"start":{"line":229,"column":41},"end":{"line":229,"column":74}},"47":{"start":{"line":241,"column":20},"end":{"line":241,"column":60}},"48":{"start":{"line":252,"column":41},"end":{"line":252,"column":70}},"49":{"start":{"line":255,"column":39},"end":{"line":255,"column":68}}},"fnMap":{"0":{"name":"(anonymous_0)","decl":{"start":{"line":39,"column":26},"end":{"line":39,"column":27}},"loc":{"start":{"line":39,"column":32},"end":{"line":265,"column":1}},"line":39},"1":{"name":"(anonymous_1)","decl":{"start":{"line":49,"column":4},"end":{"line":49,"column":5}},"loc":{"start":{"line":49,"column":37},"end":{"line":126,"column":5}},"line":49},"2":{"name":"(anonymous_2)","decl":{"start":{"line":60,"column":16},"end":{"line":60,"column":17}},"loc":{"start":{"line":60,"column":23},"end":{"line":60,"column":35}},"line":60},"3":{"name":"(anonymous_3)","decl":{"start":{"line":68,"column":18},"end":{"line":68,"column":19}},"loc":{"start":{"line":68,"column":25},"end":{"line":68,"column":37}},"line":68},"4":{"name":"(anonymous_4)","decl":{"start":{"line":130,"column":41},"end":{"line":130,"column":42}},"loc":{"start":{"line":130,"column":47},"end":{"line":159,"column":3}},"line":130},"5":{"name":"(anonymous_5)","decl":{"start":{"line":138,"column":6},"end":{"line":138,"column":7}},"loc":{"start":{"line":138,"column":18},"end":{"line":157,"column":7}},"line":138},"6":{"name":"(anonymous_6)","decl":{"start":{"line":154,"column":45},"end":{"line":154,"column":46}},"loc":{"start":{"line":154,"column":60},"end":{"line":156,"column":9}},"line":154},"7":{"name":"(anonymous_7)","decl":{"start":{"line":161,"column":37},"end":{"line":161,"column":38}},"loc":{"start":{"line":161,"column":43},"end":{"line":163,"column":3}},"line":161},"8":{"name":"(anonymous_8)","decl":{"start":{"line":165,"column":29},"end":{"line":165,"column":30}},"loc":{"start":{"line":165,"column":35},"end":{"line":167,"column":3}},"line":165},"9":{"name":"(anonymous_9)","decl":{"start":{"line":205,"column":35},"end":{"line":205,"column":36}},"loc":{"start":{"line":205,"column":41},"end":{"line":205,"column":71}},"line":205},"10":{"name":"(anonymous_10)","decl":{"start":{"line":217,"column":35},"end":{"line":217,"column":36}},"loc":{"start":{"line":217,"column":41},"end":{"line":217,"column":77}},"line":217},"11":{"name":"(anonymous_11)","decl":{"start":{"line":229,"column":35},"end":{"line":229,"column":36}},"loc":{"start":{"line":229,"column":41},"end":{"line":229,"column":74}},"line":229},"12":{"name":"(anonymous_12)","decl":{"start":{"line":240,"column":35},"end":{"line":240,"column":36}},"loc":{"start":{"line":241,"column":20},"end":{"line":241,"column":60}},"line":241},"13":{"name":"(anonymous_13)","decl":{"start":{"line":252,"column":35},"end":{"line":252,"column":36}},"loc":{"start":{"line":252,"column":41},"end":{"line":252,"column":70}},"line":252},"14":{"name":"(anonymous_14)","decl":{"start":{"line":255,"column":33},"end":{"line":255,"column":34}},"loc":{"start":{"line":255,"column":39},"end":{"line":255,"column":68}},"line":255}},"branchMap":{"0":{"loc":{"start":{"line":73,"column":36},"end":{"line":73,"column":53}},"type":"binary-expr","locations":[{"start":{"line":73,"column":36},"end":{"line":73,"column":40}},{"start":{"line":73,"column":44},"end":{"line":73,"column":53}}],"line":73},"1":{"loc":{"start":{"line":93,"column":14},"end":{"line":99,"column":16}},"type":"cond-expr","locations":[{"start":{"line":94,"column":14},"end":{"line":98,"column":15}},{"start":{"line":99,"column":14},"end":{"line":99,"column":16}}],"line":93},"2":{"loc":{"start":{"line":110,"column":8},"end":{"line":116,"column":9}},"type":"if","locations":[{"start":{"line":110,"column":8},"end":{"line":116,"column":9}},{"start":{"line":110,"column":8},"end":{"line":116,"column":9}}],"line":110},"3":{"loc":{"start":{"line":139,"column":8},"end":{"line":139,"column":39}},"type":"if","locations":[{"start":{"line":139,"column":8},"end":{"line":139,"column":39}},{"start":{"line":139,"column":8},"end":{"line":139,"column":39}}],"line":139},"4":{"loc":{"start":{"line":141,"column":8},"end":{"line":144,"column":9}},"type":"if","locations":[{"start":{"line":141,"column":8},"end":{"line":144,"column":9}},{"start":{"line":141,"column":8},"end":{"line":144,"column":9}}],"line":141},"5":{"loc":{"start":{"line":173,"column":18},"end":{"line":173,"column":63}},"type":"cond-expr","locations":[{"start":{"line":173,"column":42},"end":{"line":173,"column":51}},{"start":{"line":173,"column":54},"end":{"line":173,"column":63}}],"line":173}},"s":{"0":0,"1":0,"2":0,"3":0,"4":0,"5":0,"6":0,"7":0,"8":0,"9":0,"10":0,"11":0,"12":0,"13":0,"14":0,"15":0,"16":0,"17":0,"18":0,"19":0,"20":0,"21":0,"22":0,"23":0,"24":0,"25":0,"26":0,"27":0,"28":0,"29":0,"30":0,"31":0,"32":0,"33":0,"34":0,"35":0,"36":0,"37":0,"38":0,"39":0,"40":0,"41":0,"42":0,"43":0,"44":0,"45":0,"46":0,"47":0,"48":0,"49":0},"f":{"0":0,"1":0,"2":0,"3":0,"4":0,"5":0,"6":0,"7":0,"8":0,"9":0,"10":0,"11":0,"12":0,"13":0,"14":0},"b":{"0":[0,0],"1":[0,0],"2":[0,0],"3":[0,0],"4":[0,0],"5":[0,0]}}
,"/home/caio/Desktop/.www/Gh/study/place-of-studies/Courses/Rocketseat/GoStack/Module Three/gobarber-mob/src/pages/SignIn/index.tsx": {"path":"/home/caio/Desktop/.www/Gh/study/place-of-studies/Courses/Rocketseat/GoStack/Module Three/gobarber-mob/src/pages/SignIn/index.tsx","statementMap":{"0":{"start":{"line":35,"column":25},"end":{"line":139,"column":1}},"1":{"start":{"line":36,"column":18},"end":{"line":36,"column":43}},"2":{"start":{"line":37,"column":27},"end":{"line":37,"column":50}},"3":{"start":{"line":38,"column":21},"end":{"line":38,"column":36}},"4":{"start":{"line":40,"column":27},"end":{"line":40,"column":36}},"5":{"start":{"line":42,"column":2},"end":{"line":42,"column":20}},"6":{"start":{"line":44,"column":23},"end":{"line":79,"column":3}},"7":{"start":{"line":46,"column":6},"end":{"line":76,"column":7}},"8":{"start":{"line":47,"column":8},"end":{"line":47,"column":39}},"9":{"start":{"line":49,"column":23},"end":{"line":56,"column":10}},"10":{"start":{"line":58,"column":8},"end":{"line":60,"column":11}},"11":{"start":{"line":62,"column":8},"end":{"line":62,"column":69}},"12":{"start":{"line":64,"column":8},"end":{"line":70,"column":9}},"13":{"start":{"line":65,"column":10},"end":{"line":65,"column":31}},"14":{"start":{"line":67,"column":10},"end":{"line":67,"column":65}},"15":{"start":{"line":69,"column":10},"end":{"line":69,"column":17}},"16":{"start":{"line":72,"column":8},"end":{"line":75,"column":10}},"17":{"start":{"line":81,"column":2},"end":{"line":138,"column":4}},"18":{"start":{"line":108,"column":39},"end":{"line":108,"column":72}},"19":{"start":{"line":118,"column":39},"end":{"line":118,"column":68}},"20":{"start":{"line":121,"column":37},"end":{"line":121,"column":66}},"21":{"start":{"line":133,"column":42},"end":{"line":133,"column":71}}},"fnMap":{"0":{"name":"(anonymous_0)","decl":{"start":{"line":35,"column":25},"end":{"line":35,"column":26}},"loc":{"start":{"line":35,"column":31},"end":{"line":139,"column":1}},"line":35},"1":{"name":"(anonymous_1)","decl":{"start":{"line":45,"column":4},"end":{"line":45,"column":5}},"loc":{"start":{"line":45,"column":36},"end":{"line":77,"column":5}},"line":45},"2":{"name":"(anonymous_2)","decl":{"start":{"line":108,"column":33},"end":{"line":108,"column":34}},"loc":{"start":{"line":108,"column":39},"end":{"line":108,"column":72}},"line":108},"3":{"name":"(anonymous_3)","decl":{"start":{"line":118,"column":33},"end":{"line":118,"column":34}},"loc":{"start":{"line":118,"column":39},"end":{"line":118,"column":68}},"line":118},"4":{"name":"(anonymous_4)","decl":{"start":{"line":121,"column":31},"end":{"line":121,"column":32}},"loc":{"start":{"line":121,"column":37},"end":{"line":121,"column":66}},"line":121},"5":{"name":"(anonymous_5)","decl":{"start":{"line":126,"column":37},"end":{"line":126,"column":38}},"loc":{"start":{"line":126,"column":43},"end":{"line":126,"column":45}},"line":126},"6":{"name":"(anonymous_6)","decl":{"start":{"line":133,"column":36},"end":{"line":133,"column":37}},"loc":{"start":{"line":133,"column":42},"end":{"line":133,"column":71}},"line":133}},"branchMap":{"0":{"loc":{"start":{"line":64,"column":8},"end":{"line":70,"column":9}},"type":"if","locations":[{"start":{"line":64,"column":8},"end":{"line":70,"column":9}},{"start":{"line":64,"column":8},"end":{"line":70,"column":9}}],"line":64},"1":{"loc":{"start":{"line":85,"column":18},"end":{"line":85,"column":63}},"type":"cond-expr","locations":[{"start":{"line":85,"column":42},"end":{"line":85,"column":51}},{"start":{"line":85,"column":54},"end":{"line":85,"column":63}}],"line":85}},"s":{"0":1,"1":1,"2":1,"3":1,"4":1,"5":1,"6":1,"7":0,"8":0,"9":0,"10":0,"11":0,"12":0,"13":0,"14":0,"15":0,"16":0,"17":1,"18":0,"19":0,"20":0,"21":0},"f":{"0":1,"1":0,"2":0,"3":0,"4":0,"5":0,"6":0},"b":{"0":[0,0],"1":[1,0]},"_coverageSchema":"1a1c01bbd47fc00a2c39e90264f33305004495a9","hash":"586e215b770b1be8184e14d5821728e68e5f82d6"}
,"/home/caio/Desktop/.www/Gh/study/place-of-studies/Courses/Rocketseat/GoStack/Module Three/gobarber-mob/src/pages/SignUp/index.tsx": {"path":"/home/caio/Desktop/.www/Gh/study/place-of-studies/Courses/Rocketseat/GoStack/Module Three/gobarber-mob/src/pages/SignUp/index.tsx","statementMap":{"0":{"start":{"line":29,"column":25},"end":{"line":146,"column":1}},"1":{"start":{"line":30,"column":21},"end":{"line":30,"column":36}},"2":{"start":{"line":31,"column":18},"end":{"line":31,"column":43}},"3":{"start":{"line":32,"column":24},"end":{"line":32,"column":47}},"4":{"start":{"line":33,"column":27},"end":{"line":33,"column":50}},"5":{"start":{"line":35,"column":23},"end":{"line":79,"column":3}},"6":{"start":{"line":37,"column":6},"end":{"line":76,"column":7}},"7":{"start":{"line":38,"column":8},"end":{"line":38,"column":39}},"8":{"start":{"line":40,"column":23},"end":{"line":46,"column":10}},"9":{"start":{"line":48,"column":8},"end":{"line":50,"column":11}},"10":{"start":{"line":52,"column":8},"end":{"line":52,"column":39}},"11":{"start":{"line":54,"column":8},"end":{"line":57,"column":10}},"12":{"start":{"line":59,"column":8},"end":{"line":59,"column":28}},"13":{"start":{"line":61,"column":8},"end":{"line":67,"column":9}},"14":{"start":{"line":62,"column":10},"end":{"line":62,"column":31}},"15":{"start":{"line":64,"column":10},"end":{"line":64,"column":65}},"16":{"start":{"line":66,"column":10},"end":{"line":66,"column":17}},"17":{"start":{"line":69,"column":8},"end":{"line":72,"column":10}},"18":{"start":{"line":74,"column":8},"end":{"line":74,"column":29}},"19":{"start":{"line":75,"column":8},"end":{"line":75,"column":41}},"20":{"start":{"line":81,"column":2},"end":{"line":145,"column":4}},"21":{"start":{"line":106,"column":39},"end":{"line":106,"column":69}},"22":{"start":{"line":118,"column":39},"end":{"line":118,"column":72}},"23":{"start":{"line":129,"column":39},"end":{"line":129,"column":68}},"24":{"start":{"line":132,"column":37},"end":{"line":132,"column":66}},"25":{"start":{"line":140,"column":35},"end":{"line":140,"column":64}}},"fnMap":{"0":{"name":"(anonymous_0)","decl":{"start":{"line":29,"column":25},"end":{"line":29,"column":26}},"loc":{"start":{"line":29,"column":31},"end":{"line":146,"column":1}},"line":29},"1":{"name":"(anonymous_1)","decl":{"start":{"line":36,"column":4},"end":{"line":36,"column":5}},"loc":{"start":{"line":36,"column":36},"end":{"line":77,"column":5}},"line":36},"2":{"name":"(anonymous_2)","decl":{"start":{"line":106,"column":33},"end":{"line":106,"column":34}},"loc":{"start":{"line":106,"column":39},"end":{"line":106,"column":69}},"line":106},"3":{"name":"(anonymous_3)","decl":{"start":{"line":118,"column":33},"end":{"line":118,"column":34}},"loc":{"start":{"line":118,"column":39},"end":{"line":118,"column":72}},"line":118},"4":{"name":"(anonymous_4)","decl":{"start":{"line":129,"column":33},"end":{"line":129,"column":34}},"loc":{"start":{"line":129,"column":39},"end":{"line":129,"column":68}},"line":129},"5":{"name":"(anonymous_5)","decl":{"start":{"line":132,"column":31},"end":{"line":132,"column":32}},"loc":{"start":{"line":132,"column":37},"end":{"line":132,"column":66}},"line":132},"6":{"name":"(anonymous_6)","decl":{"start":{"line":140,"column":29},"end":{"line":140,"column":30}},"loc":{"start":{"line":140,"column":35},"end":{"line":140,"column":64}},"line":140}},"branchMap":{"0":{"loc":{"start":{"line":61,"column":8},"end":{"line":67,"column":9}},"type":"if","locations":[{"start":{"line":61,"column":8},"end":{"line":67,"column":9}},{"start":{"line":61,"column":8},"end":{"line":67,"column":9}}],"line":61},"1":{"loc":{"start":{"line":85,"column":18},"end":{"line":85,"column":63}},"type":"cond-expr","locations":[{"start":{"line":85,"column":42},"end":{"line":85,"column":51}},{"start":{"line":85,"column":54},"end":{"line":85,"column":63}}],"line":85}},"s":{"0":0,"1":0,"2":0,"3":0,"4":0,"5":0,"6":0,"7":0,"8":0,"9":0,"10":0,"11":0,"12":0,"13":0,"14":0,"15":0,"16":0,"17":0,"18":0,"19":0,"20":0,"21":0,"22":0,"23":0,"24":0,"25":0},"f":{"0":0,"1":0,"2":0,"3":0,"4":0,"5":0,"6":0},"b":{"0":[0,0],"1":[0,0]}}
}
